<?xml version="1.0" encoding="UTF-8"?>
<!-- Generated by org.testng.reporters.JUnitReportReporter -->
<testsuite skipped="0" hostname="DESKTOP-2LDLCE3" name="Dafater_Auto_MyOwn.Selenuim.LoginPage_Test" tests="1" failures="0" timestamp="04 Dec 2018 10:16:38 GMT" time="1.055" errors="0">
  <testcase name="Login_With_Valid_Data" time="1.055" classname="Dafater_Auto_MyOwn.Selenuim.LoginPage_Test"/>
</testsuite> <!-- Dafater_Auto_MyOwn.Selenuim.LoginPage_Test -->
